[0m11:40:10.163642 [debug] [MainThread]: Sending event: {'category': 'dbt', 'action': 'invocation', 'label': 'start', 'context': [<snowplow_tracker.self_describing_json.SelfDescribingJson object at 0x7f465c4ed460>, <snowplow_tracker.self_describing_json.SelfDescribingJson object at 0x7f465ca129c0>, <snowplow_tracker.self_describing_json.SelfDescribingJson object at 0x7f465c3aec30>]}


============================== 11:40:10.165971 | 7795f7b4-f958-4d0a-aca4-eb9304514c66 ==============================
[0m11:40:10.165971 [info ] [MainThread]: Running with dbt=1.10.0
[0m11:40:10.166858 [debug] [MainThread]: running dbt with arguments {'printer_width': '80', 'indirect_selection': 'eager', 'write_json': 'True', 'log_cache_events': 'False', 'partial_parse': 'True', 'cache_selected_only': 'False', 'warn_error': 'None', 'fail_fast': 'False', 'profiles_dir': '/home/johnsonwyo/.dbt', 'log_path': 'logs', 'version_check': 'True', 'debug': 'False', 'use_colors': 'True', 'use_experimental_parser': 'False', 'empty': 'None', 'quiet': 'False', 'no_print': 'None', 'log_format': 'default', 'invocation_command': 'dbt debug', 'static_parser': 'True', 'warn_error_options': 'WarnErrorOptionsV2(error=[], warn=[], silence=[])', 'target_path': 'None', 'introspect': 'True', 'send_anonymous_usage_stats': 'True'}
[0m11:40:10.171873 [info ] [MainThread]: dbt version: 1.10.0
[0m11:40:10.172141 [info ] [MainThread]: python version: 3.12.3
[0m11:40:10.172342 [info ] [MainThread]: python path: /home/johnsonwyo/Analytics_Test_JJ/.venv/bin/python
[0m11:40:10.172516 [info ] [MainThread]: os info: Linux-5.15.167.4-microsoft-standard-WSL2-x86_64-with-glibc2.39
[0m11:40:10.175084 [info ] [MainThread]: Error importing adapter: No module named 'dbt.adapters.postgres'
[0m11:40:10.175419 [info ] [MainThread]: Using profiles dir at /home/johnsonwyo/.dbt
[0m11:40:10.175646 [info ] [MainThread]: Using profiles.yml file at /home/johnsonwyo/.dbt/profiles.yml
[0m11:40:10.175863 [info ] [MainThread]: Using dbt_project.yml file at /home/johnsonwyo/Analytics_Test_JJ/dbt_project.yml
[0m11:40:10.176043 [info ] [MainThread]: Configuration:
[0m11:40:10.176249 [info ] [MainThread]:   profiles.yml file [[31mERROR invalid[0m]
[0m11:40:10.176405 [info ] [MainThread]:   dbt_project.yml file [[31mERROR not found[0m]
[0m11:40:10.176570 [info ] [MainThread]: Required dependencies:
[0m11:40:10.176733 [debug] [MainThread]: Executing "git --help"
[0m11:40:10.179704 [debug] [MainThread]: STDOUT: "b"usage: git [-v | --version] [-h | --help] [-C <path>] [-c <name>=<value>]\n           [--exec-path[=<path>]] [--html-path] [--man-path] [--info-path]\n           [-p | --paginate | -P | --no-pager] [--no-replace-objects] [--bare]\n           [--git-dir=<path>] [--work-tree=<path>] [--namespace=<name>]\n           [--config-env=<name>=<envvar>] <command> [<args>]\n\nThese are common Git commands used in various situations:\n\nstart a working area (see also: git help tutorial)\n   clone     Clone a repository into a new directory\n   init      Create an empty Git repository or reinitialize an existing one\n\nwork on the current change (see also: git help everyday)\n   add       Add file contents to the index\n   mv        Move or rename a file, a directory, or a symlink\n   restore   Restore working tree files\n   rm        Remove files from the working tree and from the index\n\nexamine the history and state (see also: git help revisions)\n   bisect    Use binary search to find the commit that introduced a bug\n   diff      Show changes between commits, commit and working tree, etc\n   grep      Print lines matching a pattern\n   log       Show commit logs\n   show      Show various types of objects\n   status    Show the working tree status\n\ngrow, mark and tweak your common history\n   branch    List, create, or delete branches\n   commit    Record changes to the repository\n   merge     Join two or more development histories together\n   rebase    Reapply commits on top of another base tip\n   reset     Reset current HEAD to the specified state\n   switch    Switch branches\n   tag       Create, list, delete or verify a tag object signed with GPG\n\ncollaborate (see also: git help workflows)\n   fetch     Download objects and refs from another repository\n   pull      Fetch from and integrate with another repository or a local branch\n   push      Update remote refs along with associated objects\n\n'git help -a' and 'git help -g' list available subcommands and some\nconcept guides. See 'git help <command>' or 'git help <concept>'\nto read about a specific subcommand or concept.\nSee 'git help git' for an overview of the system.\n""
[0m11:40:10.180067 [debug] [MainThread]: STDERR: "b''"
[0m11:40:10.180297 [info ] [MainThread]:  - git [[32mOK found[0m]

[0m11:40:10.180534 [info ] [MainThread]: Connection test skipped since no profile was found
[0m11:40:10.180796 [info ] [MainThread]: [31m2 checks failed:[0m
[0m11:40:10.180992 [info ] [MainThread]: Could not load dbt_project.yml
Profile loading failed for the following reason:
Runtime Error
  Credentials in profile "DBT", target "dev" invalid: Runtime Error
    Could not find adapter type postgres!


[0m11:40:10.181174 [info ] [MainThread]: Project loading failed for the following reason:
 project path </home/johnsonwyo/Analytics_Test_JJ/dbt_project.yml> not found

[0m11:40:10.182604 [debug] [MainThread]: Resource report: {"command_name": "debug", "command_success": false, "command_wall_clock_time": 0.053962305, "process_in_blocks": "2496", "process_kernel_time": 0.048178, "process_mem_max_rss": "97784", "process_out_blocks": "16", "process_user_time": 0.761226}
[0m11:40:10.183005 [debug] [MainThread]: Command `dbt debug` failed at 11:40:10.182923 after 0.05 seconds
[0m11:40:10.183255 [debug] [MainThread]: Sending event: {'category': 'dbt', 'action': 'invocation', 'label': 'end', 'context': [<snowplow_tracker.self_describing_json.SelfDescribingJson object at 0x7f465c2ef7a0>, <snowplow_tracker.self_describing_json.SelfDescribingJson object at 0x7f465be28f80>, <snowplow_tracker.self_describing_json.SelfDescribingJson object at 0x7f465c4ee930>]}
[0m11:40:10.183515 [debug] [MainThread]: Flushing usage events
[0m11:40:10.343788 [debug] [MainThread]: An error was encountered while trying to flush usage events
[0m12:17:14.396921 [debug] [MainThread]: Sending event: {'category': 'dbt', 'action': 'invocation', 'label': 'start', 'context': [<snowplow_tracker.self_describing_json.SelfDescribingJson object at 0x7f7efa2082c0>, <snowplow_tracker.self_describing_json.SelfDescribingJson object at 0x7f7efa379430>, <snowplow_tracker.self_describing_json.SelfDescribingJson object at 0x7f7efa46dd60>]}


============================== 12:17:14.399756 | be178a2e-44fb-4ba4-853f-7418ad84f0d3 ==============================
[0m12:17:14.399756 [info ] [MainThread]: Running with dbt=1.10.0
[0m12:17:14.400479 [debug] [MainThread]: running dbt with arguments {'printer_width': '80', 'indirect_selection': 'eager', 'write_json': 'True', 'log_cache_events': 'False', 'partial_parse': 'True', 'cache_selected_only': 'False', 'warn_error': 'None', 'debug': 'False', 'fail_fast': 'False', 'log_path': 'logs', 'profiles_dir': '/home/johnsonwyo/.dbt', 'version_check': 'True', 'use_colors': 'True', 'use_experimental_parser': 'False', 'empty': 'None', 'quiet': 'False', 'no_print': 'None', 'log_format': 'default', 'static_parser': 'True', 'warn_error_options': 'WarnErrorOptionsV2(error=[], warn=[], silence=[])', 'introspect': 'True', 'target_path': 'None', 'invocation_command': 'dbt init', 'send_anonymous_usage_stats': 'True'}
[0m12:17:28.631675 [debug] [MainThread]: Starter project path: /home/johnsonwyo/Analytics_Test_JJ/.venv/lib/python3.12/site-packages/dbt/include/starter_project
[0m12:17:28.635769 [info ] [MainThread]: 
Your new dbt project "Analytics_Test_JJ" was created!

For more information on how to configure the profiles.yml file,
please consult the dbt documentation here:

  https://docs.getdbt.com/docs/configure-your-profile

One more thing:

Need help? Don't hesitate to reach out to us via GitHub issues or on Slack:

  https://community.getdbt.com/

Happy modeling!

[0m12:17:28.636070 [info ] [MainThread]: Setting up your profile.
[0m12:17:31.730231 [debug] [MainThread]: Resource report: {"command_name": "init", "command_success": true, "command_wall_clock_time": 18.548225, "process_in_blocks": "1584", "process_kernel_time": 0.047881, "process_mem_max_rss": "119392", "process_out_blocks": "80", "process_user_time": 0.726853}
[0m12:17:31.730639 [debug] [MainThread]: Command `dbt init` succeeded at 12:17:31.730553 after 18.55 seconds
[0m12:17:31.730892 [debug] [MainThread]: Sending event: {'category': 'dbt', 'action': 'invocation', 'label': 'end', 'context': [<snowplow_tracker.self_describing_json.SelfDescribingJson object at 0x7f7ef92a60f0>, <snowplow_tracker.self_describing_json.SelfDescribingJson object at 0x7f7ef8bcc260>, <snowplow_tracker.self_describing_json.SelfDescribingJson object at 0x7f7ef8b963f0>]}
[0m12:17:31.731164 [debug] [MainThread]: Flushing usage events
[0m12:17:31.886754 [debug] [MainThread]: An error was encountered while trying to flush usage events
